[2019-07-11 18:56:38] local.ERROR: Call to undefined method Illuminate\Database\Schema\MySqlBuilder::defaultStingLength() {"exception":"[object] (Symfony\\Component\\Debug\\Exception\\FatalThrowableError(code: 0): Call to undefined method Illuminate\\Database\\Schema\\MySqlBuilder::defaultStingLength() at /Library/WebServer/larang/vendor/laravel/framework/src/Illuminate/Support/Facades/Facade.php:237)
[stacktrace]
#0 /Library/WebServer/larang/app/Providers/AppServiceProvider.php(27): Illuminate\\Support\\Facades\\Facade::__callStatic('defaultStingLen...', Array)
#1 [internal function]: App\\Providers\\AppServiceProvider->boot()
#2 /Library/WebServer/larang/vendor/laravel/framework/src/Illuminate/Container/BoundMethod.php(32): call_user_func_array(Array, Array)
#3 /Library/WebServer/larang/vendor/laravel/framework/src/Illuminate/Container/BoundMethod.php(90): Illuminate\\Container\\BoundMethod::Illuminate\\Container\\{closure}()
#4 /Library/WebServer/larang/vendor/laravel/framework/src/Illuminate/Container/BoundMethod.php(34): Illuminate\\Container\\BoundMethod::callBoundMethod(Object(Illuminate\\Foundation\\Application), Array, Object(Closure))
#5 /Library/WebServer/larang/vendor/laravel/framework/src/Illuminate/Container/Container.php(576): Illuminate\\Container\\BoundMethod::call(Object(Illuminate\\Foundation\\Application), Array, Array, NULL)
#6 /Library/WebServer/larang/vendor/laravel/framework/src/Illuminate/Foundation/Application.php(827): Illuminate\\Container\\Container->call(Array)
#7 /Library/WebServer/larang/vendor/laravel/framework/src/Illuminate/Foundation/Application.php(810): Illuminate\\Foundation\\Application->bootProvider(Object(App\\Providers\\AppServiceProvider))
#8 [internal function]: Illuminate\\Foundation\\Application->Illuminate\\Foundation\\{closure}(Object(App\\Providers\\AppServiceProvider), 17)
#9 /Library/WebServer/larang/vendor/laravel/framework/src/Illuminate/Foundation/Application.php(811): array_walk(Array, Object(Closure))
#10 /Library/WebServer/larang/vendor/laravel/framework/src/Illuminate/Foundation/Bootstrap/BootProviders.php(17): Illuminate\\Foundation\\Application->boot()
#11 /Library/WebServer/larang/vendor/laravel/framework/src/Illuminate/Foundation/Application.php(210): Illuminate\\Foundation\\Bootstrap\\BootProviders->bootstrap(Object(Illuminate\\Foundation\\Application))
#12 /Library/WebServer/larang/vendor/laravel/framework/src/Illuminate/Foundation/Console/Kernel.php(322): Illuminate\\Foundation\\Application->bootstrapWith(Array)
#13 /Library/WebServer/larang/vendor/laravel/framework/src/Illuminate/Foundation/Console/Kernel.php(131): Illuminate\\Foundation\\Console\\Kernel->bootstrap()
#14 /Library/WebServer/larang/artisan(37): Illuminate\\Foundation\\Console\\Kernel->handle(Object(Symfony\\Component\\Console\\Input\\ArgvInput), Object(Symfony\\Component\\Console\\Output\\ConsoleOutput))
#15 {main}
"} 
[2019-07-11 18:58:28] local.ERROR: file_put_contents(/Library/WebServer/larang/app/Task.php): failed to open stream: Permission denied {"exception":"[object] (ErrorException(code: 0): file_put_contents(/Library/WebServer/larang/app/Task.php): failed to open stream: Permission denied at /Library/WebServer/larang/vendor/laravel/framework/src/Illuminate/Filesystem/Filesystem.php:122)
[stacktrace]
#0 [internal function]: Illuminate\\Foundation\\Bootstrap\\HandleExceptions->handleError(2, 'file_put_conten...', '/Library/WebSer...', 122, Array)
#1 /Library/WebServer/larang/vendor/laravel/framework/src/Illuminate/Filesystem/Filesystem.php(122): file_put_contents('/Library/WebSer...', '<?php\
\
namespac...', 0)
#2 /Library/WebServer/larang/vendor/laravel/framework/src/Illuminate/Console/GeneratorCommand.php(73): Illuminate\\Filesystem\\Filesystem->put('/Library/WebSer...', '<?php\
\
namespac...')
#3 /Library/WebServer/larang/vendor/laravel/framework/src/Illuminate/Foundation/Console/ModelMakeCommand.php(39): Illuminate\\Console\\GeneratorCommand->handle()
#4 [internal function]: Illuminate\\Foundation\\Console\\ModelMakeCommand->handle()
#5 /Library/WebServer/larang/vendor/laravel/framework/src/Illuminate/Container/BoundMethod.php(32): call_user_func_array(Array, Array)
#6 /Library/WebServer/larang/vendor/laravel/framework/src/Illuminate/Container/BoundMethod.php(90): Illuminate\\Container\\BoundMethod::Illuminate\\Container\\{closure}()
#7 /Library/WebServer/larang/vendor/laravel/framework/src/Illuminate/Container/BoundMethod.php(34): Illuminate\\Container\\BoundMethod::callBoundMethod(Object(Illuminate\\Foundation\\Application), Array, Object(Closure))
#8 /Library/WebServer/larang/vendor/laravel/framework/src/Illuminate/Container/Container.php(576): Illuminate\\Container\\BoundMethod::call(Object(Illuminate\\Foundation\\Application), Array, Array, NULL)
#9 /Library/WebServer/larang/vendor/laravel/framework/src/Illuminate/Console/Command.php(183): Illuminate\\Container\\Container->call(Array)
#10 /Library/WebServer/larang/vendor/symfony/console/Command/Command.php(255): Illuminate\\Console\\Command->execute(Object(Symfony\\Component\\Console\\Input\\ArgvInput), Object(Illuminate\\Console\\OutputStyle))
#11 /Library/WebServer/larang/vendor/laravel/framework/src/Illuminate/Console/Command.php(170): Symfony\\Component\\Console\\Command\\Command->run(Object(Symfony\\Component\\Console\\Input\\ArgvInput), Object(Illuminate\\Console\\OutputStyle))
#12 /Library/WebServer/larang/vendor/symfony/console/Application.php(921): Illuminate\\Console\\Command->run(Object(Symfony\\Component\\Console\\Input\\ArgvInput), Object(Symfony\\Component\\Console\\Output\\ConsoleOutput))
#13 /Library/WebServer/larang/vendor/symfony/console/Application.php(273): Symfony\\Component\\Console\\Application->doRunCommand(Object(Illuminate\\Foundation\\Console\\ModelMakeCommand), Object(Symfony\\Component\\Console\\Input\\ArgvInput), Object(Symfony\\Component\\Console\\Output\\ConsoleOutput))
#14 /Library/WebServer/larang/vendor/symfony/console/Application.php(149): Symfony\\Component\\Console\\Application->doRun(Object(Symfony\\Component\\Console\\Input\\ArgvInput), Object(Symfony\\Component\\Console\\Output\\ConsoleOutput))
#15 /Library/WebServer/larang/vendor/laravel/framework/src/Illuminate/Console/Application.php(90): Symfony\\Component\\Console\\Application->run(Object(Symfony\\Component\\Console\\Input\\ArgvInput), Object(Symfony\\Component\\Console\\Output\\ConsoleOutput))
#16 /Library/WebServer/larang/vendor/laravel/framework/src/Illuminate/Foundation/Console/Kernel.php(133): Illuminate\\Console\\Application->run(Object(Symfony\\Component\\Console\\Input\\ArgvInput), Object(Symfony\\Component\\Console\\Output\\ConsoleOutput))
#17 /Library/WebServer/larang/artisan(37): Illuminate\\Foundation\\Console\\Kernel->handle(Object(Symfony\\Component\\Console\\Input\\ArgvInput), Object(Symfony\\Component\\Console\\Output\\ConsoleOutput))
#18 {main}
"} 
[2019-07-11 18:58:46] local.ERROR: file_put_contents(/Library/WebServer/larang/app/Task.php): failed to open stream: Permission denied {"exception":"[object] (ErrorException(code: 0): file_put_contents(/Library/WebServer/larang/app/Task.php): failed to open stream: Permission denied at /Library/WebServer/larang/vendor/laravel/framework/src/Illuminate/Filesystem/Filesystem.php:122)
[stacktrace]
#0 [internal function]: Illuminate\\Foundation\\Bootstrap\\HandleExceptions->handleError(2, 'file_put_conten...', '/Library/WebSer...', 122, Array)
#1 /Library/WebServer/larang/vendor/laravel/framework/src/Illuminate/Filesystem/Filesystem.php(122): file_put_contents('/Library/WebSer...', '<?php\
\
namespac...', 0)
#2 /Library/WebServer/larang/vendor/laravel/framework/src/Illuminate/Console/GeneratorCommand.php(73): Illuminate\\Filesystem\\Filesystem->put('/Library/WebSer...', '<?php\
\
namespac...')
#3 /Library/WebServer/larang/vendor/laravel/framework/src/Illuminate/Foundation/Console/ModelMakeCommand.php(39): Illuminate\\Console\\GeneratorCommand->handle()
#4 [internal function]: Illuminate\\Foundation\\Console\\ModelMakeCommand->handle()
#5 /Library/WebServer/larang/vendor/laravel/framework/src/Illuminate/Container/BoundMethod.php(32): call_user_func_array(Array, Array)
#6 /Library/WebServer/larang/vendor/laravel/framework/src/Illuminate/Container/BoundMethod.php(90): Illuminate\\Container\\BoundMethod::Illuminate\\Container\\{closure}()
#7 /Library/WebServer/larang/vendor/laravel/framework/src/Illuminate/Container/BoundMethod.php(34): Illuminate\\Container\\BoundMethod::callBoundMethod(Object(Illuminate\\Foundation\\Application), Array, Object(Closure))
#8 /Library/WebServer/larang/vendor/laravel/framework/src/Illuminate/Container/Container.php(576): Illuminate\\Container\\BoundMethod::call(Object(Illuminate\\Foundation\\Application), Array, Array, NULL)
#9 /Library/WebServer/larang/vendor/laravel/framework/src/Illuminate/Console/Command.php(183): Illuminate\\Container\\Container->call(Array)
#10 /Library/WebServer/larang/vendor/symfony/console/Command/Command.php(255): Illuminate\\Console\\Command->execute(Object(Symfony\\Component\\Console\\Input\\ArgvInput), Object(Illuminate\\Console\\OutputStyle))
#11 /Library/WebServer/larang/vendor/laravel/framework/src/Illuminate/Console/Command.php(170): Symfony\\Component\\Console\\Command\\Command->run(Object(Symfony\\Component\\Console\\Input\\ArgvInput), Object(Illuminate\\Console\\OutputStyle))
#12 /Library/WebServer/larang/vendor/symfony/console/Application.php(921): Illuminate\\Console\\Command->run(Object(Symfony\\Component\\Console\\Input\\ArgvInput), Object(Symfony\\Component\\Console\\Output\\ConsoleOutput))
#13 /Library/WebServer/larang/vendor/symfony/console/Application.php(273): Symfony\\Component\\Console\\Application->doRunCommand(Object(Illuminate\\Foundation\\Console\\ModelMakeCommand), Object(Symfony\\Component\\Console\\Input\\ArgvInput), Object(Symfony\\Component\\Console\\Output\\ConsoleOutput))
#14 /Library/WebServer/larang/vendor/symfony/console/Application.php(149): Symfony\\Component\\Console\\Application->doRun(Object(Symfony\\Component\\Console\\Input\\ArgvInput), Object(Symfony\\Component\\Console\\Output\\ConsoleOutput))
#15 /Library/WebServer/larang/vendor/laravel/framework/src/Illuminate/Console/Application.php(90): Symfony\\Component\\Console\\Application->run(Object(Symfony\\Component\\Console\\Input\\ArgvInput), Object(Symfony\\Component\\Console\\Output\\ConsoleOutput))
#16 /Library/WebServer/larang/vendor/laravel/framework/src/Illuminate/Foundation/Console/Kernel.php(133): Illuminate\\Console\\Application->run(Object(Symfony\\Component\\Console\\Input\\ArgvInput), Object(Symfony\\Component\\Console\\Output\\ConsoleOutput))
#17 /Library/WebServer/larang/artisan(37): Illuminate\\Foundation\\Console\\Kernel->handle(Object(Symfony\\Component\\Console\\Input\\ArgvInput), Object(Symfony\\Component\\Console\\Output\\ConsoleOutput))
#18 {main}
"} 
[2019-07-11 18:58:52] local.ERROR: file_put_contents(/Library/WebServer/larang/app/Task.php): failed to open stream: Permission denied {"exception":"[object] (ErrorException(code: 0): file_put_contents(/Library/WebServer/larang/app/Task.php): failed to open stream: Permission denied at /Library/WebServer/larang/vendor/laravel/framework/src/Illuminate/Filesystem/Filesystem.php:122)
[stacktrace]
#0 [internal function]: Illuminate\\Foundation\\Bootstrap\\HandleExceptions->handleError(2, 'file_put_conten...', '/Library/WebSer...', 122, Array)
#1 /Library/WebServer/larang/vendor/laravel/framework/src/Illuminate/Filesystem/Filesystem.php(122): file_put_contents('/Library/WebSer...', '<?php\
\
namespac...', 0)
#2 /Library/WebServer/larang/vendor/laravel/framework/src/Illuminate/Console/GeneratorCommand.php(73): Illuminate\\Filesystem\\Filesystem->put('/Library/WebSer...', '<?php\
\
namespac...')
#3 /Library/WebServer/larang/vendor/laravel/framework/src/Illuminate/Foundation/Console/ModelMakeCommand.php(39): Illuminate\\Console\\GeneratorCommand->handle()
#4 [internal function]: Illuminate\\Foundation\\Console\\ModelMakeCommand->handle()
#5 /Library/WebServer/larang/vendor/laravel/framework/src/Illuminate/Container/BoundMethod.php(32): call_user_func_array(Array, Array)
#6 /Library/WebServer/larang/vendor/laravel/framework/src/Illuminate/Container/BoundMethod.php(90): Illuminate\\Container\\BoundMethod::Illuminate\\Container\\{closure}()
#7 /Library/WebServer/larang/vendor/laravel/framework/src/Illuminate/Container/BoundMethod.php(34): Illuminate\\Container\\BoundMethod::callBoundMethod(Object(Illuminate\\Foundation\\Application), Array, Object(Closure))
#8 /Library/WebServer/larang/vendor/laravel/framework/src/Illuminate/Container/Container.php(576): Illuminate\\Container\\BoundMethod::call(Object(Illuminate\\Foundation\\Application), Array, Array, NULL)
#9 /Library/WebServer/larang/vendor/laravel/framework/src/Illuminate/Console/Command.php(183): Illuminate\\Container\\Container->call(Array)
#10 /Library/WebServer/larang/vendor/symfony/console/Command/Command.php(255): Illuminate\\Console\\Command->execute(Object(Symfony\\Component\\Console\\Input\\ArgvInput), Object(Illuminate\\Console\\OutputStyle))
#11 /Library/WebServer/larang/vendor/laravel/framework/src/Illuminate/Console/Command.php(170): Symfony\\Component\\Console\\Command\\Command->run(Object(Symfony\\Component\\Console\\Input\\ArgvInput), Object(Illuminate\\Console\\OutputStyle))
#12 /Library/WebServer/larang/vendor/symfony/console/Application.php(921): Illuminate\\Console\\Command->run(Object(Symfony\\Component\\Console\\Input\\ArgvInput), Object(Symfony\\Component\\Console\\Output\\ConsoleOutput))
#13 /Library/WebServer/larang/vendor/symfony/console/Application.php(273): Symfony\\Component\\Console\\Application->doRunCommand(Object(Illuminate\\Foundation\\Console\\ModelMakeCommand), Object(Symfony\\Component\\Console\\Input\\ArgvInput), Object(Symfony\\Component\\Console\\Output\\ConsoleOutput))
#14 /Library/WebServer/larang/vendor/symfony/console/Application.php(149): Symfony\\Component\\Console\\Application->doRun(Object(Symfony\\Component\\Console\\Input\\ArgvInput), Object(Symfony\\Component\\Console\\Output\\ConsoleOutput))
#15 /Library/WebServer/larang/vendor/laravel/framework/src/Illuminate/Console/Application.php(90): Symfony\\Component\\Console\\Application->run(Object(Symfony\\Component\\Console\\Input\\ArgvInput), Object(Symfony\\Component\\Console\\Output\\ConsoleOutput))
#16 /Library/WebServer/larang/vendor/laravel/framework/src/Illuminate/Foundation/Console/Kernel.php(133): Illuminate\\Console\\Application->run(Object(Symfony\\Component\\Console\\Input\\ArgvInput), Object(Symfony\\Component\\Console\\Output\\ConsoleOutput))
#17 /Library/WebServer/larang/artisan(37): Illuminate\\Foundation\\Console\\Kernel->handle(Object(Symfony\\Component\\Console\\Input\\ArgvInput), Object(Symfony\\Component\\Console\\Output\\ConsoleOutput))
#18 {main}
"} 
[2019-07-11 18:59:02] local.ERROR: file_put_contents(/Library/WebServer/larang/app/Task.php): failed to open stream: Permission denied {"exception":"[object] (ErrorException(code: 0): file_put_contents(/Library/WebServer/larang/app/Task.php): failed to open stream: Permission denied at /Library/WebServer/larang/vendor/laravel/framework/src/Illuminate/Filesystem/Filesystem.php:122)
[stacktrace]
#0 [internal function]: Illuminate\\Foundation\\Bootstrap\\HandleExceptions->handleError(2, 'file_put_conten...', '/Library/WebSer...', 122, Array)
#1 /Library/WebServer/larang/vendor/laravel/framework/src/Illuminate/Filesystem/Filesystem.php(122): file_put_contents('/Library/WebSer...', '<?php\
\
namespac...', 0)
#2 /Library/WebServer/larang/vendor/laravel/framework/src/Illuminate/Console/GeneratorCommand.php(73): Illuminate\\Filesystem\\Filesystem->put('/Library/WebSer...', '<?php\
\
namespac...')
#3 /Library/WebServer/larang/vendor/laravel/framework/src/Illuminate/Foundation/Console/ModelMakeCommand.php(39): Illuminate\\Console\\GeneratorCommand->handle()
#4 [internal function]: Illuminate\\Foundation\\Console\\ModelMakeCommand->handle()
#5 /Library/WebServer/larang/vendor/laravel/framework/src/Illuminate/Container/BoundMethod.php(32): call_user_func_array(Array, Array)
#6 /Library/WebServer/larang/vendor/laravel/framework/src/Illuminate/Container/BoundMethod.php(90): Illuminate\\Container\\BoundMethod::Illuminate\\Container\\{closure}()
#7 /Library/WebServer/larang/vendor/laravel/framework/src/Illuminate/Container/BoundMethod.php(34): Illuminate\\Container\\BoundMethod::callBoundMethod(Object(Illuminate\\Foundation\\Application), Array, Object(Closure))
#8 /Library/WebServer/larang/vendor/laravel/framework/src/Illuminate/Container/Container.php(576): Illuminate\\Container\\BoundMethod::call(Object(Illuminate\\Foundation\\Application), Array, Array, NULL)
#9 /Library/WebServer/larang/vendor/laravel/framework/src/Illuminate/Console/Command.php(183): Illuminate\\Container\\Container->call(Array)
#10 /Library/WebServer/larang/vendor/symfony/console/Command/Command.php(255): Illuminate\\Console\\Command->execute(Object(Symfony\\Component\\Console\\Input\\ArgvInput), Object(Illuminate\\Console\\OutputStyle))
#11 /Library/WebServer/larang/vendor/laravel/framework/src/Illuminate/Console/Command.php(170): Symfony\\Component\\Console\\Command\\Command->run(Object(Symfony\\Component\\Console\\Input\\ArgvInput), Object(Illuminate\\Console\\OutputStyle))
#12 /Library/WebServer/larang/vendor/symfony/console/Application.php(921): Illuminate\\Console\\Command->run(Object(Symfony\\Component\\Console\\Input\\ArgvInput), Object(Symfony\\Component\\Console\\Output\\ConsoleOutput))
#13 /Library/WebServer/larang/vendor/symfony/console/Application.php(273): Symfony\\Component\\Console\\Application->doRunCommand(Object(Illuminate\\Foundation\\Console\\ModelMakeCommand), Object(Symfony\\Component\\Console\\Input\\ArgvInput), Object(Symfony\\Component\\Console\\Output\\ConsoleOutput))
#14 /Library/WebServer/larang/vendor/symfony/console/Application.php(149): Symfony\\Component\\Console\\Application->doRun(Object(Symfony\\Component\\Console\\Input\\ArgvInput), Object(Symfony\\Component\\Console\\Output\\ConsoleOutput))
#15 /Library/WebServer/larang/vendor/laravel/framework/src/Illuminate/Console/Application.php(90): Symfony\\Component\\Console\\Application->run(Object(Symfony\\Component\\Console\\Input\\ArgvInput), Object(Symfony\\Component\\Console\\Output\\ConsoleOutput))
#16 /Library/WebServer/larang/vendor/laravel/framework/src/Illuminate/Foundation/Console/Kernel.php(133): Illuminate\\Console\\Application->run(Object(Symfony\\Component\\Console\\Input\\ArgvInput), Object(Symfony\\Component\\Console\\Output\\ConsoleOutput))
#17 /Library/WebServer/larang/artisan(37): Illuminate\\Foundation\\Console\\Kernel->handle(Object(Symfony\\Component\\Console\\Input\\ArgvInput), Object(Symfony\\Component\\Console\\Output\\ConsoleOutput))
#18 {main}
"} 
[2019-07-11 19:09:22] local.ERROR: SQLSTATE[42S22]: Column not found: 1054 Unknown column 'title' in 'field list' (SQL: insert into `tasks` (`title`, `updated_at`, `created_at`) values (test, 2019-07-11 19:09:22, 2019-07-11 19:09:22)) {"exception":"[object] (Illuminate\\Database\\QueryException(code: 42S22): SQLSTATE[42S22]: Column not found: 1054 Unknown column 'title' in 'field list' (SQL: insert into `tasks` (`title`, `updated_at`, `created_at`) values (test, 2019-07-11 19:09:22, 2019-07-11 19:09:22)) at /Library/WebServer/larang/vendor/laravel/framework/src/Illuminate/Database/Connection.php:664, PDOException(code: 42S22): SQLSTATE[42S22]: Column not found: 1054 Unknown column 'title' in 'field list' at /Library/WebServer/larang/vendor/laravel/framework/src/Illuminate/Database/Connection.php:452)
[stacktrace]
#0 /Library/WebServer/larang/vendor/laravel/framework/src/Illuminate/Database/Connection.php(624): Illuminate\\Database\\Connection->runQueryCallback('insert into `ta...', Array, Object(Closure))
#1 /Library/WebServer/larang/vendor/laravel/framework/src/Illuminate/Database/Connection.php(459): Illuminate\\Database\\Connection->run('insert into `ta...', Array, Object(Closure))
#2 /Library/WebServer/larang/vendor/laravel/framework/src/Illuminate/Database/Connection.php(411): Illuminate\\Database\\Connection->statement('insert into `ta...', Array)
#3 /Library/WebServer/larang/vendor/laravel/framework/src/Illuminate/Database/Query/Processors/Processor.php(32): Illuminate\\Database\\Connection->insert('insert into `ta...', Array)
#4 /Library/WebServer/larang/vendor/laravel/framework/src/Illuminate/Database/Query/Builder.php(2657): Illuminate\\Database\\Query\\Processors\\Processor->processInsertGetId(Object(Illuminate\\Database\\Query\\Builder), 'insert into `ta...', Array, 'id')
#5 /Library/WebServer/larang/vendor/laravel/framework/src/Illuminate/Database/Eloquent/Builder.php(1353): Illuminate\\Database\\Query\\Builder->insertGetId(Array, 'id')
#6 /Library/WebServer/larang/vendor/laravel/framework/src/Illuminate/Database/Eloquent/Model.php(839): Illuminate\\Database\\Eloquent\\Builder->__call('insertGetId', Array)
#7 /Library/WebServer/larang/vendor/laravel/framework/src/Illuminate/Database/Eloquent/Model.php(804): Illuminate\\Database\\Eloquent\\Model->insertAndSetId(Object(Illuminate\\Database\\Eloquent\\Builder), Array)
#8 /Library/WebServer/larang/vendor/laravel/framework/src/Illuminate/Database/Eloquent/Model.php(667): Illuminate\\Database\\Eloquent\\Model->performInsert(Object(Illuminate\\Database\\Eloquent\\Builder))
#9 /Library/WebServer/larang/vendor/laravel/framework/src/Illuminate/Database/Eloquent/Builder.php(795): Illuminate\\Database\\Eloquent\\Model->save()
#10 /Library/WebServer/larang/vendor/laravel/framework/src/Illuminate/Support/helpers.php(1124): Illuminate\\Database\\Eloquent\\Builder->Illuminate\\Database\\Eloquent\\{closure}(Object(App\\Task))
#11 /Library/WebServer/larang/vendor/laravel/framework/src/Illuminate/Database/Eloquent/Builder.php(796): tap(Object(App\\Task), Object(Closure))
#12 /Library/WebServer/larang/vendor/laravel/framework/src/Illuminate/Support/Traits/ForwardsCalls.php(23): Illuminate\\Database\\Eloquent\\Builder->create(Array)
#13 /Library/WebServer/larang/vendor/laravel/framework/src/Illuminate/Database/Eloquent/Model.php(1618): Illuminate\\Database\\Eloquent\\Model->forwardCallTo(Object(Illuminate\\Database\\Eloquent\\Builder), 'create', Array)
#14 /Library/WebServer/larang/vendor/laravel/framework/src/Illuminate/Database/Eloquent/Model.php(1630): Illuminate\\Database\\Eloquent\\Model->__call('create', Array)
#15 /Library/WebServer/larang/app/Http/Controllers/TaskController.php(19): Illuminate\\Database\\Eloquent\\Model::__callStatic('create', Array)
#16 [internal function]: App\\Http\\Controllers\\TaskController->store(Object(Illuminate\\Http\\Request))
#17 /Library/WebServer/larang/vendor/laravel/framework/src/Illuminate/Routing/Controller.php(54): call_user_func_array(Array, Array)
#18 /Library/WebServer/larang/vendor/laravel/framework/src/Illuminate/Routing/ControllerDispatcher.php(45): Illuminate\\Routing\\Controller->callAction('store', Array)
#19 /Library/WebServer/larang/vendor/laravel/framework/src/Illuminate/Routing/Route.php(219): Illuminate\\Routing\\ControllerDispatcher->dispatch(Object(Illuminate\\Routing\\Route), Object(App\\Http\\Controllers\\TaskController), 'store')
#20 /Library/WebServer/larang/vendor/laravel/framework/src/Illuminate/Routing/Route.php(176): Illuminate\\Routing\\Route->runController()
#21 /Library/WebServer/larang/vendor/laravel/framework/src/Illuminate/Routing/Router.php(680): Illuminate\\Routing\\Route->run()
#22 /Library/WebServer/larang/vendor/laravel/framework/src/Illuminate/Routing/Pipeline.php(30): Illuminate\\Routing\\Router->Illuminate\\Routing\\{closure}(Object(Illuminate\\Http\\Request))
#23 /Library/WebServer/larang/vendor/laravel/framework/src/Illuminate/Routing/Middleware/SubstituteBindings.php(41): Illuminate\\Routing\\Pipeline->Illuminate\\Routing\\{closure}(Object(Illuminate\\Http\\Request))
#24 /Library/WebServer/larang/vendor/laravel/framework/src/Illuminate/Pipeline/Pipeline.php(163): Illuminate\\Routing\\Middleware\\SubstituteBindings->handle(Object(Illuminate\\Http\\Request), Object(Closure))
#25 /Library/WebServer/larang/vendor/laravel/framework/src/Illuminate/Routing/Pipeline.php(53): Illuminate\\Pipeline\\Pipeline->Illuminate\\Pipeline\\{closure}(Object(Illuminate\\Http\\Request))
#26 /Library/WebServer/larang/vendor/laravel/framework/src/Illuminate/Routing/Middleware/ThrottleRequests.php(58): Illuminate\\Routing\\Pipeline->Illuminate\\Routing\\{closure}(Object(Illuminate\\Http\\Request))
#27 /Library/WebServer/larang/vendor/laravel/framework/src/Illuminate/Pipeline/Pipeline.php(163): Illuminate\\Routing\\Middleware\\ThrottleRequests->handle(Object(Illuminate\\Http\\Request), Object(Closure), 60, '1')
#28 /Library/WebServer/larang/vendor/laravel/framework/src/Illuminate/Routing/Pipeline.php(53): Illuminate\\Pipeline\\Pipeline->Illuminate\\Pipeline\\{closure}(Object(Illuminate\\Http\\Request))
#29 /Library/WebServer/larang/vendor/laravel/framework/src/Illuminate/Pipeline/Pipeline.php(104): Illuminate\\Routing\\Pipeline->Illuminate\\Routing\\{closure}(Object(Illuminate\\Http\\Request))
#30 /Library/WebServer/larang/vendor/laravel/framework/src/Illuminate/Routing/Router.php(682): Illuminate\\Pipeline\\Pipeline->then(Object(Closure))
#31 /Library/WebServer/larang/vendor/laravel/framework/src/Illuminate/Routing/Router.php(657): Illuminate\\Routing\\Router->runRouteWithinStack(Object(Illuminate\\Routing\\Route), Object(Illuminate\\Http\\Request))
#32 /Library/WebServer/larang/vendor/laravel/framework/src/Illuminate/Routing/Router.php(623): Illuminate\\Routing\\Router->runRoute(Object(Illuminate\\Http\\Request), Object(Illuminate\\Routing\\Route))
#33 /Library/WebServer/larang/vendor/laravel/framework/src/Illuminate/Routing/Router.php(612): Illuminate\\Routing\\Router->dispatchToRoute(Object(Illuminate\\Http\\Request))
#34 /Library/WebServer/larang/vendor/laravel/framework/src/Illuminate/Foundation/Http/Kernel.php(176): Illuminate\\Routing\\Router->dispatch(Object(Illuminate\\Http\\Request))
#35 /Library/WebServer/larang/vendor/laravel/framework/src/Illuminate/Routing/Pipeline.php(30): Illuminate\\Foundation\\Http\\Kernel->Illuminate\\Foundation\\Http\\{closure}(Object(Illuminate\\Http\\Request))
#36 /Library/WebServer/larang/vendor/fideloper/proxy/src/TrustProxies.php(57): Illuminate\\Routing\\Pipeline->Illuminate\\Routing\\{closure}(Object(Illuminate\\Http\\Request))
#37 /Library/WebServer/larang/vendor/laravel/framework/src/Illuminate/Pipeline/Pipeline.php(163): Fideloper\\Proxy\\TrustProxies->handle(Object(Illuminate\\Http\\Request), Object(Closure))
#38 /Library/WebServer/larang/vendor/laravel/framework/src/Illuminate/Routing/Pipeline.php(53): Illuminate\\Pipeline\\Pipeline->Illuminate\\Pipeline\\{closure}(Object(Illuminate\\Http\\Request))
#39 /Library/WebServer/larang/vendor/laravel/framework/src/Illuminate/Foundation/Http/Middleware/TransformsRequest.php(21): Illuminate\\Routing\\Pipeline->Illuminate\\Routing\\{closure}(Object(Illuminate\\Http\\Request))
#40 /Library/WebServer/larang/vendor/laravel/framework/src/Illuminate/Pipeline/Pipeline.php(163): Illuminate\\Foundation\\Http\\Middleware\\TransformsRequest->handle(Object(Illuminate\\Http\\Request), Object(Closure))
#41 /Library/WebServer/larang/vendor/laravel/framework/src/Illuminate/Routing/Pipeline.php(53): Illuminate\\Pipeline\\Pipeline->Illuminate\\Pipeline\\{closure}(Object(Illuminate\\Http\\Request))
#42 /Library/WebServer/larang/vendor/laravel/framework/src/Illuminate/Foundation/Http/Middleware/TransformsRequest.php(21): Illuminate\\Routing\\Pipeline->Illuminate\\Routing\\{closure}(Object(Illuminate\\Http\\Request))
#43 /Library/WebServer/larang/vendor/laravel/framework/src/Illuminate/Pipeline/Pipeline.php(163): Illuminate\\Foundation\\Http\\Middleware\\TransformsRequest->handle(Object(Illuminate\\Http\\Request), Object(Closure))
#44 /Library/WebServer/larang/vendor/laravel/framework/src/Illuminate/Routing/Pipeline.php(53): Illuminate\\Pipeline\\Pipeline->Illuminate\\Pipeline\\{closure}(Object(Illuminate\\Http\\Request))
#45 /Library/WebServer/larang/vendor/laravel/framework/src/Illuminate/Foundation/Http/Middleware/ValidatePostSize.php(27): Illuminate\\Routing\\Pipeline->Illuminate\\Routing\\{closure}(Object(Illuminate\\Http\\Request))
#46 /Library/WebServer/larang/vendor/laravel/framework/src/Illuminate/Pipeline/Pipeline.php(163): Illuminate\\Foundation\\Http\\Middleware\\ValidatePostSize->handle(Object(Illuminate\\Http\\Request), Object(Closure))
#47 /Library/WebServer/larang/vendor/laravel/framework/src/Illuminate/Routing/Pipeline.php(53): Illuminate\\Pipeline\\Pipeline->Illuminate\\Pipeline\\{closure}(Object(Illuminate\\Http\\Request))
#48 /Library/WebServer/larang/vendor/laravel/framework/src/Illuminate/Foundation/Http/Middleware/CheckForMaintenanceMode.php(62): Illuminate\\Routing\\Pipeline->Illuminate\\Routing\\{closure}(Object(Illuminate\\Http\\Request))
#49 /Library/WebServer/larang/vendor/laravel/framework/src/Illuminate/Pipeline/Pipeline.php(163): Illuminate\\Foundation\\Http\\Middleware\\CheckForMaintenanceMode->handle(Object(Illuminate\\Http\\Request), Object(Closure))
#50 /Library/WebServer/larang/vendor/laravel/framework/src/Illuminate/Routing/Pipeline.php(53): Illuminate\\Pipeline\\Pipeline->Illuminate\\Pipeline\\{closure}(Object(Illuminate\\Http\\Request))
#51 /Library/WebServer/larang/vendor/laravel/framework/src/Illuminate/Pipeline/Pipeline.php(104): Illuminate\\Routing\\Pipeline->Illuminate\\Routing\\{closure}(Object(Illuminate\\Http\\Request))
#52 /Library/WebServer/larang/vendor/laravel/framework/src/Illuminate/Foundation/Http/Kernel.php(151): Illuminate\\Pipeline\\Pipeline->then(Object(Closure))
#53 /Library/WebServer/larang/vendor/laravel/framework/src/Illuminate/Foundation/Http/Kernel.php(116): Illuminate\\Foundation\\Http\\Kernel->sendRequestThroughRouter(Object(Illuminate\\Http\\Request))
#54 /Library/WebServer/larang/public/index.php(55): Illuminate\\Foundation\\Http\\Kernel->handle(Object(Illuminate\\Http\\Request))
#55 /Library/WebServer/larang/server.php(21): require_once('/Library/WebSer...')
#56 {main}
"} 
[2019-07-11 20:04:35] local.ERROR: chdir(): No such file or directory (errno 2) {"exception":"[object] (ErrorException(code: 0): chdir(): No such file or directory (errno 2) at /Library/WebServer/larang/vendor/laravel/framework/src/Illuminate/Foundation/Console/ServeCommand.php:42)
[stacktrace]
#0 [internal function]: Illuminate\\Foundation\\Bootstrap\\HandleExceptions->handleError(2, 'chdir(): No suc...', '/Library/WebSer...', 42, Array)
#1 /Library/WebServer/larang/vendor/laravel/framework/src/Illuminate/Foundation/Console/ServeCommand.php(42): chdir('/Library/WebSer...')
#2 [internal function]: Illuminate\\Foundation\\Console\\ServeCommand->handle()
#3 /Library/WebServer/larang/vendor/laravel/framework/src/Illuminate/Container/BoundMethod.php(32): call_user_func_array(Array, Array)
#4 /Library/WebServer/larang/vendor/laravel/framework/src/Illuminate/Container/BoundMethod.php(90): Illuminate\\Container\\BoundMethod::Illuminate\\Container\\{closure}()
#5 /Library/WebServer/larang/vendor/laravel/framework/src/Illuminate/Container/BoundMethod.php(34): Illuminate\\Container\\BoundMethod::callBoundMethod(Object(Illuminate\\Foundation\\Application), Array, Object(Closure))
#6 /Library/WebServer/larang/vendor/laravel/framework/src/Illuminate/Container/Container.php(576): Illuminate\\Container\\BoundMethod::call(Object(Illuminate\\Foundation\\Application), Array, Array, NULL)
#7 /Library/WebServer/larang/vendor/laravel/framework/src/Illuminate/Console/Command.php(183): Illuminate\\Container\\Container->call(Array)
#8 /Library/WebServer/larang/vendor/symfony/console/Command/Command.php(255): Illuminate\\Console\\Command->execute(Object(Symfony\\Component\\Console\\Input\\ArgvInput), Object(Illuminate\\Console\\OutputStyle))
#9 /Library/WebServer/larang/vendor/laravel/framework/src/Illuminate/Console/Command.php(170): Symfony\\Component\\Console\\Command\\Command->run(Object(Symfony\\Component\\Console\\Input\\ArgvInput), Object(Illuminate\\Console\\OutputStyle))
#10 /Library/WebServer/larang/vendor/symfony/console/Application.php(921): Illuminate\\Console\\Command->run(Object(Symfony\\Component\\Console\\Input\\ArgvInput), Object(Symfony\\Component\\Console\\Output\\ConsoleOutput))
#11 /Library/WebServer/larang/vendor/symfony/console/Application.php(273): Symfony\\Component\\Console\\Application->doRunCommand(Object(Illuminate\\Foundation\\Console\\ServeCommand), Object(Symfony\\Component\\Console\\Input\\ArgvInput), Object(Symfony\\Component\\Console\\Output\\ConsoleOutput))
#12 /Library/WebServer/larang/vendor/symfony/console/Application.php(149): Symfony\\Component\\Console\\Application->doRun(Object(Symfony\\Component\\Console\\Input\\ArgvInput), Object(Symfony\\Component\\Console\\Output\\ConsoleOutput))
#13 /Library/WebServer/larang/vendor/laravel/framework/src/Illuminate/Console/Application.php(90): Symfony\\Component\\Console\\Application->run(Object(Symfony\\Component\\Console\\Input\\ArgvInput), Object(Symfony\\Component\\Console\\Output\\ConsoleOutput))
#14 /Library/WebServer/larang/vendor/laravel/framework/src/Illuminate/Foundation/Console/Kernel.php(133): Illuminate\\Console\\Application->run(Object(Symfony\\Component\\Console\\Input\\ArgvInput), Object(Symfony\\Component\\Console\\Output\\ConsoleOutput))
#15 /Library/WebServer/larang/artisan(37): Illuminate\\Foundation\\Console\\Kernel->handle(Object(Symfony\\Component\\Console\\Input\\ArgvInput), Object(Symfony\\Component\\Console\\Output\\ConsoleOutput))
#16 {main}
"} 
